c:\users\thomas\desktop\programmation\lo21\lo21_projet\projet\projet1\projet1\debug\vc120.pdb
c:\users\thomas\desktop\programmation\lo21\lo21_projet\projet\projet1\projet1\debug\vc120.idb
c:\users\thomas\desktop\programmation\lo21\lo21_projet\projet\projet1\projet1\debug\evenement.obj
c:\users\thomas\desktop\programmation\lo21\lo21_projet\projet\projet1\projet1\debug\timing.obj
c:\users\thomas\desktop\programmation\lo21\lo21_projet\projet\projet1\projet1\debug\main.obj
c:\users\thomas\desktop\programmation\lo21\lo21_projet\projet\projet1\debug\projet1.ilk
c:\users\thomas\desktop\programmation\lo21\lo21_projet\projet\projet1\debug\projet1.exe
c:\users\thomas\desktop\programmation\lo21\lo21_projet\projet\projet1\debug\projet1.pdb
c:\users\fixe\desktop\programmation\lo21\lo21_projet\projet\projet1\projet1\debug\evenement.obj
c:\users\fixe\desktop\programmation\lo21\lo21_projet\projet\projet1\projet1\debug\main.obj
c:\users\fixe\desktop\programmation\lo21\lo21_projet\projet\projet1\projet1\debug\timing.obj
c:\users\fixe\desktop\programmation\lo21\lo21_projet\projet\projet1\projet1\debug\vc120.idb
c:\users\fixe\desktop\programmation\lo21\lo21_projet\projet\projet1\projet1\debug\vc120.pdb
c:\users\fixe\desktop\programmation\lo21\lo21_projet\projet\projet1\debug\projet1.pdb
c:\users\fixe\desktop\programmation\lo21\lo21_projet\projet\projet1\debug\projet1.exe
c:\users\fixe\desktop\programmation\lo21\lo21_projet\projet\projet1\debug\projet1.ilk
c:\users\fixe\desktop\programmation\lo21\lo21_projet\projet\projet1\projet1\debug\projet1.tlog\cl.command.1.tlog
c:\users\fixe\desktop\programmation\lo21\lo21_projet\projet\projet1\projet1\debug\projet1.tlog\cl.read.1.tlog
c:\users\fixe\desktop\programmation\lo21\lo21_projet\projet\projet1\projet1\debug\projet1.tlog\cl.write.1.tlog
c:\users\fixe\desktop\programmation\lo21\lo21_projet\projet\projet1\projet1\debug\projet1.tlog\link.command.1.tlog
c:\users\fixe\desktop\programmation\lo21\lo21_projet\projet\projet1\projet1\debug\projet1.tlog\link.read.1.tlog
c:\users\fixe\desktop\programmation\lo21\lo21_projet\projet\projet1\projet1\debug\projet1.tlog\link.write.1.tlog
