La génération a démarré 12/05/2015 16:46:23.
     1>Projet "C:\Users\Thomas\Desktop\PROGRAMMATION\LO21\Lo21_Projet\Projet\Projet1\Projet1\Projet1.vcxproj" sur le nœud 2 (Build cible(s)).
     1>ClCompile:
         C:\Program Files (x86)\Microsoft Visual Studio 12.0\VC\bin\CL.exe /c /ZI /nologo /W3 /WX- /sdl /Od /Oy- /D _MBCS /Gm /EHsc /RTC1 /MDd /GS /fp:precise /Zc:wchar_t /Zc:forScope /Fo"Debug\\" /Fd"Debug\vc120.pdb" /Gd /TP /analyze- /errorReport:prompt main.cpp
         main.cpp
     1>c:\users\thomas\desktop\programmation\lo21\lo21_projet\projet\projet1\projet1\evenement.h(14): warning C4227: anachronisme utilisé : qualificateurs de référence ignorés
     1>c:\users\thomas\desktop\programmation\lo21\lo21_projet\projet\projet1\projet1\evenement.h(26): warning C4227: anachronisme utilisé : qualificateurs de référence ignorés
     1>c:\users\thomas\desktop\programmation\lo21\lo21_projet\projet\projet1\projet1\evenement.h(27): warning C4227: anachronisme utilisé : qualificateurs de référence ignorés
     1>c:\users\thomas\desktop\programmation\lo21\lo21_projet\projet\projet1\projet1\evenement.h(60): warning C4227: anachronisme utilisé : qualificateurs de référence ignorés
     1>c:\users\thomas\desktop\programmation\lo21\lo21_projet\projet\projet1\projet1\evenement.h(88): warning C4227: anachronisme utilisé : qualificateurs de référence ignorés
     1>c:\users\thomas\desktop\programmation\lo21\lo21_projet\projet\projet1\projet1\evenement.h(89): warning C4227: anachronisme utilisé : qualificateurs de référence ignorés
     1>c:\users\thomas\desktop\programmation\lo21\lo21_projet\projet\projet1\projet1\evenement.h(100): warning C4227: anachronisme utilisé : qualificateurs de référence ignorés
     1>c:\users\thomas\desktop\programmation\lo21\lo21_projet\projet\projet1\projet1\evenement.h(101): warning C4227: anachronisme utilisé : qualificateurs de référence ignorés
     1>c:\users\thomas\desktop\programmation\lo21\lo21_projet\projet\projet1\projet1\evenement.h(109): warning C4227: anachronisme utilisé : qualificateurs de référence ignorés
       Link:
         C:\Program Files (x86)\Microsoft Visual Studio 12.0\VC\bin\link.exe /ERRORREPORT:PROMPT /OUT:"C:\Users\Thomas\Desktop\PROGRAMMATION\LO21\Lo21_Projet\Projet\Projet1\Debug\Projet1.exe" /INCREMENTAL /NOLOGO kernel32.lib user32.lib gdi32.lib winspool.lib comdlg32.lib advapi32.lib shell32.lib ole32.lib oleaut32.lib uuid.lib odbc32.lib odbccp32.lib /MANIFEST /MANIFESTUAC:"level='asInvoker' uiAccess='false'" /manifest:embed /DEBUG /PDB:"C:\Users\Thomas\Desktop\PROGRAMMATION\LO21\Lo21_Projet\Projet\Projet1\Debug\Projet1.pdb" /TLBID:1 /DYNAMICBASE /NXCOMPAT /IMPLIB:"C:\Users\Thomas\Desktop\PROGRAMMATION\LO21\Lo21_Projet\Projet\Projet1\Debug\Projet1.lib" /MACHINE:X86 Debug\evenement.obj
         Debug\main.obj
         Debug\timing.obj
         Projet1.vcxproj -> C:\Users\Thomas\Desktop\PROGRAMMATION\LO21\Lo21_Projet\Projet\Projet1\Debug\Projet1.exe
     1>Génération du projet "C:\Users\Thomas\Desktop\PROGRAMMATION\LO21\Lo21_Projet\Projet\Projet1\Projet1\Projet1.vcxproj" terminée (Build cible(s)).

La génération a réussi.

Temps écoulé 00:00:01.98
